running download_jars
Attempting to retrieve remote jar https://search.maven.org/remotecontent?filepath=software/amazon/kinesis/amazon-kinesis-client-multilang/2.5.8/amazon-kinesis-client-multilang-2.5.8.jar
Saving https://search.maven.org/remotecontent?filepath=software/amazon/kinesis/amazon-kinesis-client-multilang/2.5.8/amazon-kinesis-client-multilang-2.5.8.jar -> amazon_kclpy/jars/amazon-kinesis-client-multilang-2.5.8.jar
Attempting to retrieve remote jar https://search.maven.org/remotecontent?filepath=software/amazon/kinesis/amazon-kinesis-client/2.5.8/amazon-kinesis-client-2.5.8.jar
Saving https://search.maven.org/remotecontent?filepath=software/amazon/kinesis/amazon-kinesis-client/2.5.8/amazon-kinesis-client-2.5.8.jar -> amazon_kclpy/jars/amazon-kinesis-client-2.5.8.jar
Attempting to retrieve remote jar https://search.maven.org/remotecontent?filepath=software/amazon/awssdk/kinesis/2.25.11/kinesis-2.25.11.jar
Saving https://search.maven.org/remotecontent?filepath=software/amazon/awssdk/kinesis/2.25.11/kinesis-2.25.11.jar -> amazon_kclpy/jars/kinesis-2.25.11.jar
Attempting to retrieve remote jar https://search.maven.org/remotecontent?filepath=software/amazon/awssdk/dynamodb/2.25.11/dynamodb-2.25.11.jar
Saving https://search.maven.org/remotecontent?filepath=software/amazon/awssdk/dynamodb/2.25.11/dynamodb-2.25.11.jar -> amazon_kclpy/jars/dynamodb-2.25.11.jar
Attempting to retrieve remote jar https://search.maven.org/remotecontent?filepath=software/amazon/awssdk/cloudwatch/2.25.11/cloudwatch-2.25.11.jar
Saving https://search.maven.org/remotecontent?filepath=software/amazon/awssdk/cloudwatch/2.25.11/cloudwatch-2.25.11.jar -> amazon_kclpy/jars/cloudwatch-2.25.11.jar
Attempting to retrieve remote jar https://search.maven.org/remotecontent?filepath=software/amazon/awssdk/netty-nio-client/2.25.11/netty-nio-client-2.25.11.jar
Saving https://search.maven.org/remotecontent?filepath=software/amazon/awssdk/netty-nio-client/2.25.11/netty-nio-client-2.25.11.jar -> amazon_kclpy/jars/netty-nio-client-2.25.11.jar
Attempting to retrieve remote jar https://search.maven.org/remotecontent?filepath=software/amazon/awssdk/metrics-spi/2.25.11/metrics-spi-2.25.11.jar
Saving https://search.maven.org/remotecontent?filepath=software/amazon/awssdk/metrics-spi/2.25.11/metrics-spi-2.25.11.jar -> amazon_kclpy/jars/metrics-spi-2.25.11.jar
Attempting to retrieve remote jar https://search.maven.org/remotecontent?filepath=software/amazon/awssdk/sts/2.25.11/sts-2.25.11.jar
Saving https://search.maven.org/remotecontent?filepath=software/amazon/awssdk/sts/2.25.11/sts-2.25.11.jar -> amazon_kclpy/jars/sts-2.25.11.jar
Attempting to retrieve remote jar https://search.maven.org/remotecontent?filepath=software/amazon/awssdk/protocol-core/2.25.11/protocol-core-2.25.11.jar
Saving https://search.maven.org/remotecontent?filepath=software/amazon/awssdk/protocol-core/2.25.11/protocol-core-2.25.11.jar -> amazon_kclpy/jars/protocol-core-2.25.11.jar
Attempting to retrieve remote jar https://search.maven.org/remotecontent?filepath=software/amazon/awssdk/aws-query-protocol/2.25.11/aws-query-protocol-2.25.11.jar
Saving https://search.maven.org/remotecontent?filepath=software/amazon/awssdk/aws-query-protocol/2.25.11/aws-query-protocol-2.25.11.jar -> amazon_kclpy/jars/aws-query-protocol-2.25.11.jar
Attempting to retrieve remote jar https://search.maven.org/remotecontent?filepath=software/amazon/awssdk/aws-cbor-protocol/2.25.11/aws-cbor-protocol-2.25.11.jar
Saving https://search.maven.org/remotecontent?filepath=software/amazon/awssdk/aws-cbor-protocol/2.25.11/aws-cbor-protocol-2.25.11.jar -> amazon_kclpy/jars/aws-cbor-protocol-2.25.11.jar
Attempting to retrieve remote jar https://search.maven.org/remotecontent?filepath=software/amazon/awssdk/aws-json-protocol/2.25.11/aws-json-protocol-2.25.11.jar
Saving https://search.maven.org/remotecontent?filepath=software/amazon/awssdk/aws-json-protocol/2.25.11/aws-json-protocol-2.25.11.jar -> amazon_kclpy/jars/aws-json-protocol-2.25.11.jar
Attempting to retrieve remote jar https://search.maven.org/remotecontent?filepath=software/amazon/awssdk/json-utils/2.25.11/json-utils-2.25.11.jar
Saving https://search.maven.org/remotecontent?filepath=software/amazon/awssdk/json-utils/2.25.11/json-utils-2.25.11.jar -> amazon_kclpy/jars/json-utils-2.25.11.jar
Attempting to retrieve remote jar https://search.maven.org/remotecontent?filepath=software/amazon/awssdk/third-party-jackson-core/2.25.11/third-party-jackson-core-2.25.11.jar
Saving https://search.maven.org/remotecontent?filepath=software/amazon/awssdk/third-party-jackson-core/2.25.11/third-party-jackson-core-2.25.11.jar -> amazon_kclpy/jars/third-party-jackson-core-2.25.11.jar
Attempting to retrieve remote jar https://search.maven.org/remotecontent?filepath=software/amazon/awssdk/third-party-jackson-dataformat-cbor/2.25.11/third-party-jackson-dataformat-cbor-2.25.11.jar
Saving https://search.maven.org/remotecontent?filepath=software/amazon/awssdk/third-party-jackson-dataformat-cbor/2.25.11/third-party-jackson-dataformat-cbor-2.25.11.jar -> amazon_kclpy/jars/third-party-jackson-dataformat-cbor-2.25.11.jar
Attempting to retrieve remote jar https://search.maven.org/remotecontent?filepath=software/amazon/awssdk/profiles/2.25.11/profiles-2.25.11.jar
Saving https://search.maven.org/remotecontent?filepath=software/amazon/awssdk/profiles/2.25.11/profiles-2.25.11.jar -> amazon_kclpy/jars/profiles-2.25.11.jar
Attempting to retrieve remote jar https://search.maven.org/remotecontent?filepath=software/amazon/awssdk/sdk-core/2.25.11/sdk-core-2.25.11.jar
Saving https://search.maven.org/remotecontent?filepath=software/amazon/awssdk/sdk-core/2.25.11/sdk-core-2.25.11.jar -> amazon_kclpy/jars/sdk-core-2.25.11.jar
Attempting to retrieve remote jar https://search.maven.org/remotecontent?filepath=software/amazon/awssdk/aws-core/2.25.11/aws-core-2.25.11.jar
Saving https://search.maven.org/remotecontent?filepath=software/amazon/awssdk/aws-core/2.25.11/aws-core-2.25.11.jar -> amazon_kclpy/jars/aws-core-2.25.11.jar
Attempting to retrieve remote jar https://search.maven.org/remotecontent?filepath=software/amazon/awssdk/endpoints-spi/2.25.11/endpoints-spi-2.25.11.jar
Saving https://search.maven.org/remotecontent?filepath=software/amazon/awssdk/endpoints-spi/2.25.11/endpoints-spi-2.25.11.jar -> amazon_kclpy/jars/endpoints-spi-2.25.11.jar
Attempting to retrieve remote jar https://search.maven.org/remotecontent?filepath=software/amazon/awssdk/auth/2.25.11/auth-2.25.11.jar
Saving https://search.maven.org/remotecontent?filepath=software/amazon/awssdk/auth/2.25.11/auth-2.25.11.jar -> amazon_kclpy/jars/auth-2.25.11.jar
Attempting to retrieve remote jar https://search.maven.org/remotecontent?filepath=software/amazon/awssdk/http-client-spi/2.25.11/http-client-spi-2.25.11.jar
Saving https://search.maven.org/remotecontent?filepath=software/amazon/awssdk/http-client-spi/2.25.11/http-client-spi-2.25.11.jar -> amazon_kclpy/jars/http-client-spi-2.25.11.jar
Attempting to retrieve remote jar https://search.maven.org/remotecontent?filepath=software/amazon/awssdk/regions/2.25.11/regions-2.25.11.jar
Saving https://search.maven.org/remotecontent?filepath=software/amazon/awssdk/regions/2.25.11/regions-2.25.11.jar -> amazon_kclpy/jars/regions-2.25.11.jar
Attempting to retrieve remote jar https://search.maven.org/remotecontent?filepath=software/amazon/awssdk/annotations/2.25.11/annotations-2.25.11.jar
Saving https://search.maven.org/remotecontent?filepath=software/amazon/awssdk/annotations/2.25.11/annotations-2.25.11.jar -> amazon_kclpy/jars/annotations-2.25.11.jar
Attempting to retrieve remote jar https://search.maven.org/remotecontent?filepath=software/amazon/awssdk/utils/2.25.11/utils-2.25.11.jar
Saving https://search.maven.org/remotecontent?filepath=software/amazon/awssdk/utils/2.25.11/utils-2.25.11.jar -> amazon_kclpy/jars/utils-2.25.11.jar
Attempting to retrieve remote jar https://search.maven.org/remotecontent?filepath=software/amazon/awssdk/apache-client/2.25.11/apache-client-2.25.11.jar
Saving https://search.maven.org/remotecontent?filepath=software/amazon/awssdk/apache-client/2.25.11/apache-client-2.25.11.jar -> amazon_kclpy/jars/apache-client-2.25.11.jar
Attempting to retrieve remote jar https://search.maven.org/remotecontent?filepath=software/amazon/awssdk/arns/2.25.11/arns-2.25.11.jar
Saving https://search.maven.org/remotecontent?filepath=software/amazon/awssdk/arns/2.25.11/arns-2.25.11.jar -> amazon_kclpy/jars/arns-2.25.11.jar
Attempting to retrieve remote jar https://search.maven.org/remotecontent?filepath=software/amazon/awssdk/http-auth-spi/2.25.11/http-auth-spi-2.25.11.jar
Saving https://search.maven.org/remotecontent?filepath=software/amazon/awssdk/http-auth-spi/2.25.11/http-auth-spi-2.25.11.jar -> amazon_kclpy/jars/http-auth-spi-2.25.11.jar
Attempting to retrieve remote jar https://search.maven.org/remotecontent?filepath=software/amazon/awssdk/http-auth/2.25.11/http-auth-2.25.11.jar
Saving https://search.maven.org/remotecontent?filepath=software/amazon/awssdk/http-auth/2.25.11/http-auth-2.25.11.jar -> amazon_kclpy/jars/http-auth-2.25.11.jar
Attempting to retrieve remote jar https://search.maven.org/remotecontent?filepath=software/amazon/awssdk/http-auth-aws/2.25.11/http-auth-aws-2.25.11.jar
Saving https://search.maven.org/remotecontent?filepath=software/amazon/awssdk/http-auth-aws/2.25.11/http-auth-aws-2.25.11.jar -> amazon_kclpy/jars/http-auth-aws-2.25.11.jar
Attempting to retrieve remote jar https://search.maven.org/remotecontent?filepath=software/amazon/awssdk/checksums-spi/2.25.11/checksums-spi-2.25.11.jar
Saving https://search.maven.org/remotecontent?filepath=software/amazon/awssdk/checksums-spi/2.25.11/checksums-spi-2.25.11.jar -> amazon_kclpy/jars/checksums-spi-2.25.11.jar
Attempting to retrieve remote jar https://search.maven.org/remotecontent?filepath=software/amazon/awssdk/checksums/2.25.11/checksums-2.25.11.jar
Saving https://search.maven.org/remotecontent?filepath=software/amazon/awssdk/checksums/2.25.11/checksums-2.25.11.jar -> amazon_kclpy/jars/checksums-2.25.11.jar
Attempting to retrieve remote jar https://search.maven.org/remotecontent?filepath=software/amazon/awssdk/identity-spi/2.25.11/identity-spi-2.25.11.jar
Saving https://search.maven.org/remotecontent?filepath=software/amazon/awssdk/identity-spi/2.25.11/identity-spi-2.25.11.jar -> amazon_kclpy/jars/identity-spi-2.25.11.jar
Attempting to retrieve remote jar https://search.maven.org/remotecontent?filepath=io/netty/netty-codec-http/4.1.108.Final/netty-codec-http-4.1.108.Final.jar
Saving https://search.maven.org/remotecontent?filepath=io/netty/netty-codec-http/4.1.108.Final/netty-codec-http-4.1.108.Final.jar -> amazon_kclpy/jars/netty-codec-http-4.1.108.Final.jar
Attempting to retrieve remote jar https://search.maven.org/remotecontent?filepath=io/netty/netty-codec-http2/4.1.108.Final/netty-codec-http2-4.1.108.Final.jar
Saving https://search.maven.org/remotecontent?filepath=io/netty/netty-codec-http2/4.1.108.Final/netty-codec-http2-4.1.108.Final.jar -> amazon_kclpy/jars/netty-codec-http2-4.1.108.Final.jar
Attempting to retrieve remote jar https://search.maven.org/remotecontent?filepath=io/netty/netty-codec/4.1.108.Final/netty-codec-4.1.108.Final.jar
Saving https://search.maven.org/remotecontent?filepath=io/netty/netty-codec/4.1.108.Final/netty-codec-4.1.108.Final.jar -> amazon_kclpy/jars/netty-codec-4.1.108.Final.jar
Attempting to retrieve remote jar https://search.maven.org/remotecontent?filepath=io/netty/netty-transport/4.1.108.Final/netty-transport-4.1.108.Final.jar
Saving https://search.maven.org/remotecontent?filepath=io/netty/netty-transport/4.1.108.Final/netty-transport-4.1.108.Final.jar -> amazon_kclpy/jars/netty-transport-4.1.108.Final.jar
Attempting to retrieve remote jar https://search.maven.org/remotecontent?filepath=io/netty/netty-resolver/4.1.108.Final/netty-resolver-4.1.108.Final.jar
Saving https://search.maven.org/remotecontent?filepath=io/netty/netty-resolver/4.1.108.Final/netty-resolver-4.1.108.Final.jar -> amazon_kclpy/jars/netty-resolver-4.1.108.Final.jar
Attempting to retrieve remote jar https://search.maven.org/remotecontent?filepath=io/netty/netty-common/4.1.108.Final/netty-common-4.1.108.Final.jar
Saving https://search.maven.org/remotecontent?filepath=io/netty/netty-common/4.1.108.Final/netty-common-4.1.108.Final.jar -> amazon_kclpy/jars/netty-common-4.1.108.Final.jar
Attempting to retrieve remote jar https://search.maven.org/remotecontent?filepath=io/netty/netty-buffer/4.1.108.Final/netty-buffer-4.1.108.Final.jar
Saving https://search.maven.org/remotecontent?filepath=io/netty/netty-buffer/4.1.108.Final/netty-buffer-4.1.108.Final.jar -> amazon_kclpy/jars/netty-buffer-4.1.108.Final.jar
Attempting to retrieve remote jar https://search.maven.org/remotecontent?filepath=io/netty/netty-handler/4.1.108.Final/netty-handler-4.1.108.Final.jar
Saving https://search.maven.org/remotecontent?filepath=io/netty/netty-handler/4.1.108.Final/netty-handler-4.1.108.Final.jar -> amazon_kclpy/jars/netty-handler-4.1.108.Final.jar
Attempting to retrieve remote jar https://search.maven.org/remotecontent?filepath=io/netty/netty-transport-native-epoll/4.1.108.Final/netty-transport-native-epoll-4.1.108.Final.jar
Saving https://search.maven.org/remotecontent?filepath=io/netty/netty-transport-native-epoll/4.1.108.Final/netty-transport-native-epoll-4.1.108.Final.jar -> amazon_kclpy/jars/netty-transport-native-epoll-4.1.108.Final.jar
Attempting to retrieve remote jar https://search.maven.org/remotecontent?filepath=io/netty/netty-transport-native-unix-common/4.1.108.Final/netty-transport-native-unix-common-4.1.108.Final.jar
Saving https://search.maven.org/remotecontent?filepath=io/netty/netty-transport-native-unix-common/4.1.108.Final/netty-transport-native-unix-common-4.1.108.Final.jar -> amazon_kclpy/jars/netty-transport-native-unix-common-4.1.108.Final.jar
Attempting to retrieve remote jar https://search.maven.org/remotecontent?filepath=com/typesafe/netty/netty-reactive-streams-http/2.0.6/netty-reactive-streams-http-2.0.6.jar
Saving https://search.maven.org/remotecontent?filepath=com/typesafe/netty/netty-reactive-streams-http/2.0.6/netty-reactive-streams-http-2.0.6.jar -> amazon_kclpy/jars/netty-reactive-streams-http-2.0.6.jar
Attempting to retrieve remote jar https://search.maven.org/remotecontent?filepath=com/typesafe/netty/netty-reactive-streams/2.0.6/netty-reactive-streams-2.0.6.jar
Saving https://search.maven.org/remotecontent?filepath=com/typesafe/netty/netty-reactive-streams/2.0.6/netty-reactive-streams-2.0.6.jar -> amazon_kclpy/jars/netty-reactive-streams-2.0.6.jar
Attempting to retrieve remote jar https://search.maven.org/remotecontent?filepath=org/reactivestreams/reactive-streams/1.0.3/reactive-streams-1.0.3.jar
Saving https://search.maven.org/remotecontent?filepath=org/reactivestreams/reactive-streams/1.0.3/reactive-streams-1.0.3.jar -> amazon_kclpy/jars/reactive-streams-1.0.3.jar
Attempting to retrieve remote jar https://search.maven.org/remotecontent?filepath=com/google/guava/guava/32.1.1-jre/guava-32.1.1-jre.jar
Saving https://search.maven.org/remotecontent?filepath=com/google/guava/guava/32.1.1-jre/guava-32.1.1-jre.jar -> amazon_kclpy/jars/guava-32.1.1-jre.jar
Attempting to retrieve remote jar https://search.maven.org/remotecontent?filepath=com/google/code/findbugs/jsr305/3.0.2/jsr305-3.0.2.jar
Saving https://search.maven.org/remotecontent?filepath=com/google/code/findbugs/jsr305/3.0.2/jsr305-3.0.2.jar -> amazon_kclpy/jars/jsr305-3.0.2.jar
Attempting to retrieve remote jar https://search.maven.org/remotecontent?filepath=org/checkerframework/checker-qual/2.5.2/checker-qual-2.5.2.jar
Saving https://search.maven.org/remotecontent?filepath=org/checkerframework/checker-qual/2.5.2/checker-qual-2.5.2.jar -> amazon_kclpy/jars/checker-qual-2.5.2.jar
Attempting to retrieve remote jar https://search.maven.org/remotecontent?filepath=com/google/errorprone/error_prone_annotations/2.7.1/error_prone_annotations-2.7.1.jar
Saving https://search.maven.org/remotecontent?filepath=com/google/errorprone/error_prone_annotations/2.7.1/error_prone_annotations-2.7.1.jar -> amazon_kclpy/jars/error_prone_annotations-2.7.1.jar
Attempting to retrieve remote jar https://search.maven.org/remotecontent?filepath=com/google/j2objc/j2objc-annotations/1.3/j2objc-annotations-1.3.jar
Saving https://search.maven.org/remotecontent?filepath=com/google/j2objc/j2objc-annotations/1.3/j2objc-annotations-1.3.jar -> amazon_kclpy/jars/j2objc-annotations-1.3.jar
Attempting to retrieve remote jar https://search.maven.org/remotecontent?filepath=org/codehaus/mojo/animal-sniffer-annotations/1.20/animal-sniffer-annotations-1.20.jar
Saving https://search.maven.org/remotecontent?filepath=org/codehaus/mojo/animal-sniffer-annotations/1.20/animal-sniffer-annotations-1.20.jar -> amazon_kclpy/jars/animal-sniffer-annotations-1.20.jar
Attempting to retrieve remote jar https://search.maven.org/remotecontent?filepath=com/google/protobuf/protobuf-java/3.21.7/protobuf-java-3.21.7.jar
Saving https://search.maven.org/remotecontent?filepath=com/google/protobuf/protobuf-java/3.21.7/protobuf-java-3.21.7.jar -> amazon_kclpy/jars/protobuf-java-3.21.7.jar
Attempting to retrieve remote jar https://search.maven.org/remotecontent?filepath=org/apache/commons/commons-lang3/3.12.0/commons-lang3-3.12.0.jar
Saving https://search.maven.org/remotecontent?filepath=org/apache/commons/commons-lang3/3.12.0/commons-lang3-3.12.0.jar -> amazon_kclpy/jars/commons-lang3-3.12.0.jar
Attempting to retrieve remote jar https://search.maven.org/remotecontent?filepath=org/slf4j/slf4j-api/2.0.5/slf4j-api-2.0.5.jar
Saving https://search.maven.org/remotecontent?filepath=org/slf4j/slf4j-api/2.0.5/slf4j-api-2.0.5.jar -> amazon_kclpy/jars/slf4j-api-2.0.5.jar
Attempting to retrieve remote jar https://search.maven.org/remotecontent?filepath=io/reactivex/rxjava3/rxjava/3.1.5/rxjava-3.1.5.jar
Saving https://search.maven.org/remotecontent?filepath=io/reactivex/rxjava3/rxjava/3.1.5/rxjava-3.1.5.jar -> amazon_kclpy/jars/rxjava-3.1.5.jar
Attempting to retrieve remote jar https://search.maven.org/remotecontent?filepath=com/fasterxml/jackson/dataformat/jackson-dataformat-cbor/2.13.5/jackson-dataformat-cbor-2.13.5.jar
Saving https://search.maven.org/remotecontent?filepath=com/fasterxml/jackson/dataformat/jackson-dataformat-cbor/2.13.5/jackson-dataformat-cbor-2.13.5.jar -> amazon_kclpy/jars/jackson-dataformat-cbor-2.13.5.jar
Attempting to retrieve remote jar https://search.maven.org/remotecontent?filepath=com/fasterxml/jackson/core/jackson-core/2.13.5/jackson-core-2.13.5.jar
Saving https://search.maven.org/remotecontent?filepath=com/fasterxml/jackson/core/jackson-core/2.13.5/jackson-core-2.13.5.jar -> amazon_kclpy/jars/jackson-core-2.13.5.jar
Attempting to retrieve remote jar https://search.maven.org/remotecontent?filepath=com/fasterxml/jackson/core/jackson-databind/2.13.5/jackson-databind-2.13.5.jar
Saving https://search.maven.org/remotecontent?filepath=com/fasterxml/jackson/core/jackson-databind/2.13.5/jackson-databind-2.13.5.jar -> amazon_kclpy/jars/jackson-databind-2.13.5.jar
Attempting to retrieve remote jar https://search.maven.org/remotecontent?filepath=com/fasterxml/jackson/core/jackson-annotations/2.13.5/jackson-annotations-2.13.5.jar
Saving https://search.maven.org/remotecontent?filepath=com/fasterxml/jackson/core/jackson-annotations/2.13.5/jackson-annotations-2.13.5.jar -> amazon_kclpy/jars/jackson-annotations-2.13.5.jar
Attempting to retrieve remote jar https://search.maven.org/remotecontent?filepath=software/amazon/flow/1.7/flow-1.7.jar
Saving https://search.maven.org/remotecontent?filepath=software/amazon/flow/1.7/flow-1.7.jar -> amazon_kclpy/jars/flow-1.7.jar
Attempting to retrieve remote jar https://search.maven.org/remotecontent?filepath=org/apache/httpcomponents/httpclient/4.5.13/httpclient-4.5.13.jar
Saving https://search.maven.org/remotecontent?filepath=org/apache/httpcomponents/httpclient/4.5.13/httpclient-4.5.13.jar -> amazon_kclpy/jars/httpclient-4.5.13.jar
Attempting to retrieve remote jar https://search.maven.org/remotecontent?filepath=commons-codec/commons-codec/1.15/commons-codec-1.15.jar
Saving https://search.maven.org/remotecontent?filepath=commons-codec/commons-codec/1.15/commons-codec-1.15.jar -> amazon_kclpy/jars/commons-codec-1.15.jar
Attempting to retrieve remote jar https://search.maven.org/remotecontent?filepath=org/apache/httpcomponents/httpcore/4.4.15/httpcore-4.4.15.jar
Saving https://search.maven.org/remotecontent?filepath=org/apache/httpcomponents/httpcore/4.4.15/httpcore-4.4.15.jar -> amazon_kclpy/jars/httpcore-4.4.15.jar
Attempting to retrieve remote jar https://search.maven.org/remotecontent?filepath=com/amazonaws/aws-java-sdk-core/1.12.668/aws-java-sdk-core-1.12.668.jar
Saving https://search.maven.org/remotecontent?filepath=com/amazonaws/aws-java-sdk-core/1.12.668/aws-java-sdk-core-1.12.668.jar -> amazon_kclpy/jars/aws-java-sdk-core-1.12.668.jar
Attempting to retrieve remote jar https://search.maven.org/remotecontent?filepath=com/amazonaws/aws-java-sdk-sts/1.12.668/aws-java-sdk-sts-1.12.668.jar
Saving https://search.maven.org/remotecontent?filepath=com/amazonaws/aws-java-sdk-sts/1.12.668/aws-java-sdk-sts-1.12.668.jar -> amazon_kclpy/jars/aws-java-sdk-sts-1.12.668.jar
Attempting to retrieve remote jar https://search.maven.org/remotecontent?filepath=com/amazon/ion/ion-java/1.11.4/ion-java-1.11.4.jar
Saving https://search.maven.org/remotecontent?filepath=com/amazon/ion/ion-java/1.11.4/ion-java-1.11.4.jar -> amazon_kclpy/jars/ion-java-1.11.4.jar
Attempting to retrieve remote jar https://search.maven.org/remotecontent?filepath=software/amazon/glue/schema-registry-serde/1.1.13/schema-registry-serde-1.1.13.jar
Saving https://search.maven.org/remotecontent?filepath=software/amazon/glue/schema-registry-serde/1.1.13/schema-registry-serde-1.1.13.jar -> amazon_kclpy/jars/schema-registry-serde-1.1.13.jar
Attempting to retrieve remote jar https://search.maven.org/remotecontent?filepath=joda-time/joda-time/2.10.13/joda-time-2.10.13.jar
Saving https://search.maven.org/remotecontent?filepath=joda-time/joda-time/2.10.13/joda-time-2.10.13.jar -> amazon_kclpy/jars/joda-time-2.10.13.jar
Attempting to retrieve remote jar https://search.maven.org/remotecontent?filepath=ch/qos/logback/logback-classic/1.3.12/logback-classic-1.3.12.jar
Saving https://search.maven.org/remotecontent?filepath=ch/qos/logback/logback-classic/1.3.12/logback-classic-1.3.12.jar -> amazon_kclpy/jars/logback-classic-1.3.12.jar
Attempting to retrieve remote jar https://search.maven.org/remotecontent?filepath=ch/qos/logback/logback-core/1.3.12/logback-core-1.3.12.jar
Saving https://search.maven.org/remotecontent?filepath=ch/qos/logback/logback-core/1.3.12/logback-core-1.3.12.jar -> amazon_kclpy/jars/logback-core-1.3.12.jar
Attempting to retrieve remote jar https://search.maven.org/remotecontent?filepath=com/beust/jcommander/1.82/jcommander-1.82.jar
Saving https://search.maven.org/remotecontent?filepath=com/beust/jcommander/1.82/jcommander-1.82.jar -> amazon_kclpy/jars/jcommander-1.82.jar
Attempting to retrieve remote jar https://search.maven.org/remotecontent?filepath=commons-io/commons-io/2.11.0/commons-io-2.11.0.jar
Saving https://search.maven.org/remotecontent?filepath=commons-io/commons-io/2.11.0/commons-io-2.11.0.jar -> amazon_kclpy/jars/commons-io-2.11.0.jar
Attempting to retrieve remote jar https://search.maven.org/remotecontent?filepath=commons-logging/commons-logging/1.1.3/commons-logging-1.1.3.jar
Saving https://search.maven.org/remotecontent?filepath=commons-logging/commons-logging/1.1.3/commons-logging-1.1.3.jar -> amazon_kclpy/jars/commons-logging-1.1.3.jar
Attempting to retrieve remote jar https://search.maven.org/remotecontent?filepath=org/apache/commons/commons-collections4/4.2/commons-collections4-4.2.jar
Saving https://search.maven.org/remotecontent?filepath=org/apache/commons/commons-collections4/4.2/commons-collections4-4.2.jar -> amazon_kclpy/jars/commons-collections4-4.2.jar
Attempting to retrieve remote jar https://search.maven.org/remotecontent?filepath=commons-beanutils/commons-beanutils/1.9.4/commons-beanutils-1.9.4.jar
Saving https://search.maven.org/remotecontent?filepath=commons-beanutils/commons-beanutils/1.9.4/commons-beanutils-1.9.4.jar -> amazon_kclpy/jars/commons-beanutils-1.9.4.jar
Attempting to retrieve remote jar https://search.maven.org/remotecontent?filepath=commons-collections/commons-collections/3.2.2/commons-collections-3.2.2.jar
Saving https://search.maven.org/remotecontent?filepath=commons-collections/commons-collections/3.2.2/commons-collections-3.2.2.jar -> amazon_kclpy/jars/commons-collections-3.2.2.jar

Now you should run:

    python setup.py install

Which will finish the installation.
